<?xml version="1.0" encoding="UTF-8"?>
<testng-results skipped="0" failed="0" ignored="0" total="1" passed="1">
  <reporter-output>
  </reporter-output>
  <suite name="BDD Test Suite" duration-ms="16563" started-at="2020-03-13T11:46:21Z" finished-at="2020-03-13T11:46:37Z">
    <groups>
      <group name="cucumber">
        <method signature="TestRunner.feature(cucumber.api.testng.CucumberFeatureWrapper)[pri:0, instance:com.mycom.runner.TestRunner@5cc7c2a6]" name="feature" class="com.mycom.runner.TestRunner"/>
      </group> <!-- cucumber -->
    </groups>
    <test name="CAFE TOWNSEND Test" duration-ms="16563" started-at="2020-03-13T11:46:21Z" finished-at="2020-03-13T11:46:37Z">
      <class name="com.mycom.runner.TestRunner">
        <test-method status="PASS" signature="setUpClass()[pri:0, instance:com.mycom.runner.TestRunner@5cc7c2a6]" name="setUpClass" is-config="true" duration-ms="203" started-at="2020-03-13T11:46:21Z" finished-at="2020-03-13T11:46:21Z">
          <reporter-output>
          </reporter-output>
        </test-method> <!-- setUpClass -->
        <test-method status="PASS" signature="feature(cucumber.api.testng.CucumberFeatureWrapper)[pri:0, instance:com.mycom.runner.TestRunner@5cc7c2a6]" name="feature" duration-ms="16266" started-at="2020-03-13T11:46:21Z" description="Runs Cucumber Feature" data-provider="features" finished-at="2020-03-13T11:46:37Z">
          <params>
            <param index="0">
              <value>
                <![CDATA[Login Feature]]>
              </value>
            </param>
          </params>
          <reporter-output>
          </reporter-output>
        </test-method> <!-- feature -->
        <test-method status="PASS" signature="tearDownClass()[pri:0, instance:com.mycom.runner.TestRunner@5cc7c2a6]" name="tearDownClass" is-config="true" duration-ms="0" started-at="2020-03-13T11:46:37Z" finished-at="2020-03-13T11:46:37Z">
          <reporter-output>
          </reporter-output>
        </test-method> <!-- tearDownClass -->
      </class> <!-- com.mycom.runner.TestRunner -->
    </test> <!-- CAFE TOWNSEND Test -->
  </suite> <!-- BDD Test Suite -->
</testng-results>
